2021-07-08 17:13:05,791 [7] NOTICE seller.dhgatemessage - SyncMessageList:{"Name":"GetMessageList","TotalSeconds":17.4129178,"task":{"FUserId":"6572369283081568257","FShopId":"6559624990734611111","FShopName":"laidadan2018","BeforeDays":365,"FNextMessageSyncingTime":null},"TotalCount":126,"NewCount":126,"UpdateCount":0}
2021-07-08 17:13:06,589 [6] NOTICE seller.dhgatemessage - SyncMessageList:{"Name":"SyncTrachMessage","TotalSeconds":0.79681859999999993,"task":{"FUserId":"6572369283081568257","FShopId":"6559624990734611111","FShopName":"laidadan2018","BeforeDays":365,"FNextMessageSyncingTime":null},"TotalCount":6,"NewCount":6,"UpdateCount":0}
2021-07-08 17:13:06,624 [9] NOTICE seller.dhgatemessage - SyncMessageList:{"Name":"MessageLinkOrder","TotalSeconds":0.0255455,"FUserId":"6572369283081568257","FShopId":"6559624990734611111","FShopName":"laidadan2018"}
2021-07-08 17:13:06,629 [9] NOTICE seller.dhgatemessage - SubmitSuccess:{"task":{"taskName":"GetMessageListAll","FUserId":"6572369283081568257","FShopId":"6559624990734611111","FShopName":"laidadan2018","BeforeDays":365},"Result":true}
2021-07-08 17:13:09,448 [11] NOTICE seller.dhgatemessage - SyncMessageList:{"Name":"GetMessageList","TotalSeconds":21.1920596,"task":{"FUserId":"6572369283081568257","FShopId":"6559624990734622222","FShopName":"bejersey","BeforeDays":365,"FNextMessageSyncingTime":null},"TotalCount":149,"NewCount":149,"UpdateCount":0}
2021-07-08 17:13:09,520 [7] NOTICE seller.dhgatemessage - SyncMessageList:{"Name":"SyncTrachMessage","TotalSeconds":0.0718055,"task":{"FUserId":"6572369283081568257","FShopId":"6559624990734622222","FShopName":"bejersey","BeforeDays":365,"FNextMessageSyncingTime":null},"TotalCount":0,"NewCount":0,"UpdateCount":0}
2021-07-08 17:13:09,525 [9] NOTICE seller.dhgatemessage - SyncMessageList:{"Name":"MessageLinkOrder","TotalSeconds":0.0048639999999999994,"FUserId":"6572369283081568257","FShopId":"6559624990734622222","FShopName":"bejersey"}
2021-07-08 17:13:09,525 [9] NOTICE seller.dhgatemessage - SubmitSuccess:{"task":{"taskName":"GetMessageListAll","FUserId":"6572369283081568257","FShopId":"6559624990734622222","FShopName":"bejersey","BeforeDays":365},"Result":true}
2021-07-08 17:13:41,883 [11] NOTICE seller.dhgatemessage - SyncMessageList:{"Name":"GetMessageList","TotalSeconds":53.6293715,"task":{"FUserId":"6572369283081568257","FShopId":"6559624990734644444","FShopName":"macabaka","BeforeDays":365,"FNextMessageSyncingTime":null},"TotalCount":505,"NewCount":505,"UpdateCount":0}
2021-07-08 17:13:41,943 [5] NOTICE seller.dhgatemessage - SyncMessageList:{"Name":"SyncTrachMessage","TotalSeconds":0.05973,"task":{"FUserId":"6572369283081568257","FShopId":"6559624990734644444","FShopName":"macabaka","BeforeDays":365,"FNextMessageSyncingTime":null},"TotalCount":0,"NewCount":0,"UpdateCount":0}
2021-07-08 17:13:41,952 [7] NOTICE seller.dhgatemessage - SyncMessageList:{"Name":"MessageLinkOrder","TotalSeconds":0.0092043,"FUserId":"6572369283081568257","FShopId":"6559624990734644444","FShopName":"macabaka"}
2021-07-08 17:13:41,952 [7] NOTICE seller.dhgatemessage - SubmitSuccess:{"task":{"taskName":"GetMessageListAll","FUserId":"6572369283081568257","FShopId":"6559624990734644444","FShopName":"macabaka","BeforeDays":365},"Result":true}
2021-07-08 17:13:59,867 [5] NOTICE seller.dhgatemessage - SyncMessageList:{"Name":"GetMessageList","TotalSeconds":11.5584685,"task":{"FUserId":"6572369283081568257","FShopId":"6559624990734680099","FShopName":"seventeentrack","BeforeDays":365,"FNextMessageSyncingTime":null},"TotalCount":126,"NewCount":126,"UpdateCount":0}
2021-07-08 17:14:02,006 [11] NOTICE seller.dhgatemessage - SyncMessageList:{"Name":"SyncTrachMessage","TotalSeconds":2.1378882,"task":{"FUserId":"6572369283081568257","FShopId":"6559624990734680099","FShopName":"seventeentrack","BeforeDays":365,"FNextMessageSyncingTime":null},"TotalCount":19,"NewCount":19,"UpdateCount":0}
2021-07-08 17:14:02,039 [6] NOTICE seller.dhgatemessage - SyncMessageList:{"Name":"MessageLinkOrder","TotalSeconds":0.0332163,"FUserId":"6572369283081568257","FShopId":"6559624990734680099","FShopName":"seventeentrack"}
2021-07-08 17:14:02,039 [6] NOTICE seller.dhgatemessage - SubmitSuccess:{"task":{"taskName":"GetMessageListAll","FUserId":"6572369283081568257","FShopId":"6559624990734680099","FShopName":"seventeentrack","BeforeDays":365},"Result":true}
2021-07-08 17:14:58,772 [6] NOTICE seller.dhgatemessage - SyncMessageList:{"Name":"GetMessageList","TotalSeconds":130.49792639999998,"task":{"FUserId":"6572369283081568257","FShopId":"6559624990734633333","FShopName":"romanticism_yx","BeforeDays":365,"FNextMessageSyncingTime":null},"TotalCount":1149,"NewCount":1149,"UpdateCount":0}
2021-07-08 17:14:59,589 [6] NOTICE seller.dhgatemessage - SyncMessageList:{"Name":"SyncTrachMessage","TotalSeconds":0.81654779999999993,"task":{"FUserId":"6572369283081568257","FShopId":"6559624990734633333","FShopName":"romanticism_yx","BeforeDays":365,"FNextMessageSyncingTime":null},"TotalCount":1,"NewCount":1,"UpdateCount":0}
2021-07-08 17:14:59,678 [10] NOTICE seller.dhgatemessage - SyncMessageList:{"Name":"MessageLinkOrder","TotalSeconds":0.0884606,"FUserId":"6572369283081568257","FShopId":"6559624990734633333","FShopName":"romanticism_yx"}
2021-07-08 17:14:59,678 [10] NOTICE seller.dhgatemessage - SubmitSuccess:{"task":{"taskName":"GetMessageListAll","FUserId":"6572369283081568257","FShopId":"6559624990734633333","FShopName":"romanticism_yx","BeforeDays":365},"Result":true}
2021-07-08 17:16:13,308 [7] NOTICE seller.dhgatemessage - SyncMessageList:{"Name":"GetMessageList","TotalSeconds":205.05391039999998,"task":{"FUserId":"6572369283081568257","FShopId":"6559624990734655555","FShopName":"buganbuxing","BeforeDays":365,"FNextMessageSyncingTime":null},"TotalCount":2110,"NewCount":2110,"UpdateCount":0}
2021-07-08 17:16:13,368 [5] NOTICE seller.dhgatemessage - SyncMessageList:{"Name":"SyncTrachMessage","TotalSeconds":0.059971399999999994,"task":{"FUserId":"6572369283081568257","FShopId":"6559624990734655555","FShopName":"buganbuxing","BeforeDays":365,"FNextMessageSyncingTime":null},"TotalCount":0,"NewCount":0,"UpdateCount":0}
2021-07-08 17:16:13,435 [6] NOTICE seller.dhgatemessage - SyncMessageList:{"Name":"MessageLinkOrder","TotalSeconds":0.0666272,"FUserId":"6572369283081568257","FShopId":"6559624990734655555","FShopName":"buganbuxing"}
2021-07-08 17:16:13,435 [6] NOTICE seller.dhgatemessage - SubmitSuccess:{"task":{"taskName":"GetMessageListAll","FUserId":"6572369283081568257","FShopId":"6559624990734655555","FShopName":"buganbuxing","BeforeDays":365},"Result":true}
